<?xml version="1.0" encoding="UTF-8"?>
<!-- Generated by org.testng.reporters.JUnitReportReporter -->
<testsuite hostname="Sachins" failures="0" tests="2" name="qaclickacademy.Mavenjava.AppiumTest" time="0.005" errors="0" timestamp="2021-02-24T07:48:44 IST" skipped="0">
  <testcase classname="qaclickacademy.Mavenjava.AppiumTest" name="AppiumTest1" time="0.002"/>
  <system-out/>
  <testcase classname="qaclickacademy.Mavenjava.AppiumTest" name="AppiumTest2" time="0.003"/>
  <system-out/>
</testsuite> <!-- qaclickacademy.Mavenjava.AppiumTest -->
