<?xml version="1.0" encoding="UTF-8"?>
<!-- Generated by org.testng.reporters.JUnitReportReporter -->
<testsuite hostname="Sachins" failures="0" tests="2" name="qaclickacademy.Mavenjava.RestAPITest" time="0.013" errors="0" timestamp="2021-02-24T07:48:44 IST" skipped="1">
  <testcase classname="qaclickacademy.Mavenjava.RestAPITest" name="RestAPITest1" time="0.013"/>
  <system-out/>
  <testcase classname="qaclickacademy.Mavenjava.RestAPITest" name="RestAPITest2">
    <skipped/>
  </testcase> <!-- RestAPITest2 -->
  <system-out/>
</testsuite> <!-- qaclickacademy.Mavenjava.RestAPITest -->
