<?xml version="1.0" encoding="UTF-8"?>
<!-- Generated by org.testng.reporters.JUnitReportReporter -->
<testsuite hostname="Sachins" failures="0" tests="2" name="qaclickacademy.Mavenjava.SeleniumTest" time="0.003" errors="0" timestamp="2021-02-24T07:48:44 IST" skipped="0">
  <testcase classname="qaclickacademy.Mavenjava.SeleniumTest" name="SeleniumTest2" time="0.002"/>
  <system-out/>
  <testcase classname="qaclickacademy.Mavenjava.SeleniumTest" name="SeleniumTest1" time="0.001"/>
  <system-out/>
</testsuite> <!-- qaclickacademy.Mavenjava.SeleniumTest -->
