<?xml version="1.0" encoding="UTF-8"?>
<!-- Generated by org.testng.reporters.JUnitReportReporter -->
<testsuite skipped="0" hostname="Sachins" name="qaclickacademy.Mavenjava.RestAPITest" tests="2" failures="0" timestamp="2021-02-24T08:11:25 IST" time="0.007" errors="0">
  <testcase name="RestAPITest2" time="0.001" classname="qaclickacademy.Mavenjava.RestAPITest"/>
  <system-out/>
  <testcase name="RestAPITest1" time="0.006" classname="qaclickacademy.Mavenjava.RestAPITest"/>
  <system-out/>
</testsuite> <!-- qaclickacademy.Mavenjava.RestAPITest -->
