<?xml version="1.0" encoding="UTF-8"?>
<!-- Generated by org.testng.reporters.JUnitReportReporter -->
<testsuite skipped="0" hostname="Sachins" name="qaclickacademy.Mavenjava.AppiumTest" tests="2" failures="0" timestamp="2021-02-24T08:11:25 IST" time="0.000" errors="0">
  <testcase name="AppiumTest1" time="0.000" classname="qaclickacademy.Mavenjava.AppiumTest"/>
  <system-out/>
  <testcase name="AppiumTest2" time="0.000" classname="qaclickacademy.Mavenjava.AppiumTest"/>
  <system-out/>
</testsuite> <!-- qaclickacademy.Mavenjava.AppiumTest -->
