<?xml version="1.0" encoding="UTF-8"?>
<!-- Generated by org.testng.reporters.JUnitReportReporter -->
<testsuite skipped="0" hostname="Sachins" name="qaclickacademy.Mavenjava.SeleniumTest" tests="2" failures="0" timestamp="2021-02-24T08:11:09 IST" time="0.001" errors="0">
  <testcase name="SeleniumTest1" time="0.001" classname="qaclickacademy.Mavenjava.SeleniumTest"/>
  <system-out/>
  <testcase name="SeleniumTest2" time="0.000" classname="qaclickacademy.Mavenjava.SeleniumTest"/>
  <system-out/>
</testsuite> <!-- qaclickacademy.Mavenjava.SeleniumTest -->
